d7cc8c1d-8225-4aed-9fa2-9086f4366c92:1747758830611:218:S:BEGIN\n   FOR c IN (SELECT table_name FROM user_tables) LOOP\n      EXECUTE IMMEDIATE 'DROP TABLE ' || c.table_name || ' CASCADE CONSTRAINTS';\n   END LOOP;\nEND;\n/
d1bc63d9-d2a4-4bd7-8f79-4f3ed5fedbc5:1747758831064:24:S:CREATE TABLE Land (\n    name_ VARCHAR2(100) PRIMARY KEY\n);
2b62ff4e-c2fa-4098-8f6e-1678c8484c3d:1747758831667:36:S:CREATE TABLE Adresse (\n    adressNr INTEGER PRIMARY KEY,\n    landName VARCHAR2(100) NOT NULL,\n    ort VARCHAR2(100) NOT NULL,\n    plz INTEGER NOT NULL,\n        CHECK (plz >= 0),\n    strasse VARCHAR2(100) NOT NULL,\n    hausNr INTEGER NOT NULL,\n        CHECK (hausNr > 0)\n);
ed66b296-999c-4aa9-bad0-20e7cf591ead:1747758832575:25:S:CREATE TABLE Ferienwohnung (\n    feWoNr INTEGER PRIMARY KEY,\n    adressNr INTEGER NOT NULL,\n    preisPT INTEGER NOT NULL,\n        CHECK (preisPT > 0),\n    anzahlZimmer INTEGER NOT NULL,\n        CHECK (anzahlZimmer > 0),\n    name_ VARCHAR2(100) NOT NULL,\n    groesse INTEGER NOT NULL,\n        CHECK (groesse > 0)\n);
f104e4a3-316b-4784-be6c-2f0010777a53:1747758832834:20:S:CREATE TABLE Bild (\n    url VARCHAR2(255) PRIMARY KEY,\n    feWoNr INTEGER NOT NULL\n);
ad121836-5662-4bb0-b9a9-9896a46253b5:1747758833079:21:S:CREATE TABLE Ausstattung (\n    name_ VARCHAR2(100) PRIMARY KEY\n);
60cec0e1-5a57-4c12-8ecd-f3eae48573fd:1747758833357:30:S:CREATE TABLE WohnungsAusstattung (\n    feWoNr INTEGER NOT NULL, \n    ausstName VARCHAR2(100) NOT NULL,\n    PRIMARY KEY (feWoNr, ausstName)\n);
e857f201-7e8c-42ce-a605-81acf2320538:1747758833658:21:S:CREATE TABLE Attraktion (\n    name_ VARCHAR2(100) PRIMARY KEY,\n    adressNr INTEGER NOT NULL,\n    beschreibung VARCHAR2(2000)\n);
932e030c-0d5b-431a-a818-7e972358c6e1:1747758834153:23:S:CREATE TABLE AttraktionsAusstattung (\n    attraktionsName VARCHAR2(100) NOT NULL,\n    ausstattungsName VARCHAR2(100) NOT NULL,\n    entfernung INTEGER NOT NULL,\n        CHECK (entfernung > 0),\n    PRIMARY KEY (attraktionsName, ausstattungsName)\n);
5b916e08-83ed-49e5-98d2-b8bba134a0a0:1747758834880:21:S:CREATE TABLE Kunde (\n    email VARCHAR2(100) PRIMARY KEY,\n    adressNr INTEGER NOT NULL,\n    name_ VARCHAR2(100) NOT NULL,\n    vorname VARCHAR2(100) NOT NULL,\n    istNewsletter CHAR(1) NOT NULL,\n        CHECK (istNewsletter = 't' OR istNewsletter = 'f'),\n    passwort VARCHAR2(100) NOT NULL,\n        CHECK (LENGTH(passwort) >= 5),\n    iban VARCHAR2(34)\n);
9a61b2fb-aa70-4fa2-a6b4-9a2bab0017da:1747758836808:29:S:CREATE TABLE Buchung (\n    buchungsNr INTEGER PRIMARY KEY,\n    feWoNr INTEGER NOT NULL,\n    kundenEmail VARCHAR2(100) NOT NULL,\n    buchungsZeit DATE NOT NULL,\n    startTag DATE NOT NULL,\n        CHECK (startTag > buchungsZeit),\n    endTag DATE NOT NULL,\n        CHECK (endTag > startTag + 2),\n    stornoZeit DATE,\n        CHECK (stornoZeit > buchungsZeit),\n    rechnungsNr INTEGER UNIQUE,\n    rechnungsDatum DATE,\n        CHECK (rechnungsDatum > buchungsZeit),\n    betrag INTEGER NOT NULL,\n        CHECK (betrag > 0),\n    bewertText VARCHAR2(2000),\n    bewertDatum DATE,\n        CHECK (bewertDatum > endTag),\n    bewertSterne INTEGER,\n        CHECK (bewertSterne > 0 AND bewertSterne <= 5)\n);
b69f8649-762c-4f25-a7d1-758ce3bac144:1747758837237:27:S:CREATE TABLE Anzahlung (\n    anzahlungsNr INTEGER PRIMARY KEY,\n    buchungsNr INTEGER NOT NULL,\n    zahlungsDatum DATE NOT NULL,\n    betrag INTEGER NOT NULL,\n        CHECK (betrag > 0)\n);
34a17310-6f0c-436b-96b2-03902172c1d3:1747758837523:22:S:ALTER TABLE Adresse\nADD CONSTRAINT fk_adresse_land FOREIGN KEY (landName) REFERENCES Land(name_);
a72db197-29ce-44b1-8434-bf27919ee370:1747758837806:24:S:ALTER TABLE Ferienwohnung\nADD CONSTRAINT fk_fewo_adresse FOREIGN KEY (adressNr) REFERENCES Adresse(adressNr);
06448a4b-6ce9-4f80-ad15-c22ef3237bff:1747758838014:20:S:ALTER TABLE Bild\nADD CONSTRAINT fk_bild_fewo FOREIGN KEY (feWoNr) REFERENCES Ferienwohnung(feWoNr) ON DELETE CASCADE;
4696850e-ef72-474e-8949-fa4d526e37e5:1747758838237:25:S:ALTER TABLE WohnungsAusstattung\nADD CONSTRAINT fk_wa_fewo FOREIGN KEY (feWoNr) REFERENCES Ferienwohnung(feWoNr) ON DELETE CASCADE;
33b39419-eb24-4aa1-85f2-f860e98f9c6d:1747758838407:20:S:ALTER TABLE WohnungsAusstattung\nADD CONSTRAINT fk_wa_ausst FOREIGN KEY (ausstName) REFERENCES Ausstattung(name_) ON DELETE CASCADE;
efbb1627-97b9-4912-81e0-eacd40d271db:1747758838570:25:S:ALTER TABLE Attraktion\nADD CONSTRAINT fk_attr_adresse FOREIGN KEY (adressNr) REFERENCES Adresse(adressNr);
fec24b2a-1915-473e-917c-5df0d192fdd9:1747758838815:21:S:ALTER TABLE AttraktionsAusstattung\n    ADD CONSTRAINT fk_aa_attr FOREIGN KEY (attraktionsName) REFERENCES Attraktion(name_) ON DELETE CASCADE;
f1643c42-c4de-41de-ab4e-50ca9b9871f7:1747758839066:20:S:ALTER TABLE AttraktionsAusstattung\n    ADD CONSTRAINT fk_aa_ausst FOREIGN KEY (ausstattungsName) REFERENCES Ausstattung(name_) ON DELETE CASCADE;
05d4ea4b-d97b-4989-9888-2002c143246a:1747758839265:24:S:ALTER TABLE Kunde\n    ADD CONSTRAINT fk_kunde_adresse FOREIGN KEY (adressNr) REFERENCES Adresse(adressNr);
fcc7c358-de21-475c-a583-b632d58f3b45:1747758839546:27:S:ALTER TABLE Buchung\n    ADD CONSTRAINT fk_buchung_fewo FOREIGN KEY (feWoNr) REFERENCES Ferienwohnung(feWoNr);
2edd2e61-6547-4f42-955d-05e5548619ca:1747758839821:22:S:ALTER TABLE Buchung\n    ADD CONSTRAINT fk_buchung_kunde FOREIGN KEY (kundenEmail) REFERENCES Kunde(email);
f086fb35-5553-4ad3-b930-5140288290d1:1747758840013:21:S:ALTER TABLE Anzahlung\n    ADD CONSTRAINT fk_anz_buchung FOREIGN KEY (buchungsNr) REFERENCES Buchung(buchungsNr);
d919623d-fc13-4452-b864-d3eb0b80be99:1747758840198:19:S:GRANT INSERT, DELETE, SELECT, UPDATE ON Ausstattung TO dbsys08;
70a85bc7-28aa-49db-a2c3-333fdf302052:1747758840295:20:S:GRANT ALL ON Kunde TO dbsys70;
69d459c3-2eda-4304-8e42-2f3045be0391:1747758840378:22:S:GRANT SELECT, UPDATE, DELETE ON Kunde to dbsys08;
41870657-5886-4505-b0f4-6d2bf312e6a2:1747758840541:17:S:GRANT INSERT, SELECT, UPDATE ON Buchung to dbsys70;
58fb81c6-0208-49ce-b4db-a2a305fa2b2e:1747758840684:17:S:GRANT INSERT, SELECT, UPDATE ON Buchung TO dbsys08;
a5c235c7-d73f-4458-9653-db18782b43f2:1747758840862:17:S:GRANT SELECT ON Anzahlung TO dbsys70;
b0d37e80-225d-4f08-a3db-61dc7d92e80f:1747758840958:19:S:GRANT SELECT, INSERT, UPDATE ON Anzahlung TO dbsys08;
69a61cc1-9e9e-451e-af79-0e1aec71cbc3:1747758841156:24:S:GRANT SELECT ON Attraktion TO dbsys70;
81b1dec0-1176-454f-ab58-22565cdc61fd:1747758841332:18:S:GRANT SELECT, INSERT, UPDATE, DELETE ON Attraktion TO dbsys08;
a8ccac25-60e7-400c-8b3d-be82d2548685:1747758841456:27:S:GRANT SELECT ON Wohnungsausstattung TO dbsys70;
88ab25a7-2a53-4105-a622-32d3f4800df5:1747758841605:21:S:GRANT ALL ON Wohnungsausstattung TO dbsys08;
58f1d3df-b85b-4f3e-bd51-7ea4825df470:1747758841791:22:S:GRANT SELECT ON Attraktionsausstattung TO dbsys70;
ab452de8-f5d1-47b4-8f4d-bed7e73e9f39:1747758841909:22:S:GRANT ALL ON Attraktionsausstattung TO dbsys08;
046e4c55-ec58-4ed5-b9cb-33bfcd08a759:1747758842112:30:S:GRANT SELECT ON Ausstattung TO dbsys70;
a3f0e77f-bf1a-4b7e-aa0e-9975b01f8728:1747758842269:19:S:GRANT ALL ON Ausstattung TO dbsys08;
01565eb5-643c-4f5b-acb5-a1aae53930e8:1747758842474:28:S:GRANT SELECT ON Land TO dbsys70;
aa6d5754-08d8-40b3-92a1-797274a02423:1747758842602:19:S:GRANT SELECT, INSERT, UPDATE ON Land TO dbsys08;
da74b732-6432-44eb-b085-f37d23c54201:1747758842790:38:S:GRANT SELECT, INSERT, UPDATE ON Adresse TO dbsys70;
5689dd43-aa01-43c4-bb65-186fae6e9633:1747758842967:17:S:GRANT SELECT, INSERT, UPDATE ON Adresse TO dbsys08;
9f7556aa-a45e-4a42-bb24-13cc9a7a7723:1747758843090:20:S:GRANT SELECT ON Ferienwohnung TO dbsys70;
e4522e6c-06fa-4954-9909-738a8f58669e:1747758843189:15:S:GRANT ALL ON Ferienwohnung TO dbsys08;
0b5c8f25-1aae-406d-8d87-2497d91bc6fc:1747758843319:14:S:GRANT SELECT ON Bild TO dbsys70;
1ca70022-77b5-4ebb-b497-6e4dbb4264ef:1747758843393:16:S:GRANT ALL ON Bild TO dbsys08;
967c30d1-8193-4349-b30e-dff9d5d83c87:1747758843640:22:S:INSERT INTO Land (name_) VALUES ('Deutschland');
e0444cad-5045-4b98-a632-83a298584780:1747758843728:13:S:INSERT INTO Land (name_) VALUES ('Österreich');
17b40ab4-ba94-45d2-a01a-7f1bb1fd6428:1747758843843:17:S:INSERT INTO Land (name_) VALUES ('Schweiz');
ee7176fe-4ac3-451e-84c4-4d7bcc0bcccd:1747758844124:24:S:INSERT INTO Adresse (adressNr, landName, ort, plz, strasse, hausNr) \nVALUES (1, 'Deutschland', 'Berlin', 10115, 'Musterstraße', 5);
377db89b-1119-44df-8d22-d7d3d9326c22:1747758844323:19:S:INSERT INTO Adresse (adressNr, landName, ort, plz, strasse, hausNr) \nVALUES (2, 'Österreich', 'Wien', 1010, 'Ringstraße', 10);
ab6f244c-b675-42cc-ba2c-f1ac7d73b6ab:1747758844501:16:S:INSERT INTO Adresse (adressNr, landName, ort, plz, strasse, hausNr) \nVALUES (3, 'Schweiz', 'Zürich', 8001, 'Bahnhofstrasse', 20);
e79a24c9-f3c8-4f15-8378-24e8f1e06f33:1747758844740:19:S:INSERT INTO Ferienwohnung (feWoNr, adressNr, preisPT, anzahlZimmer, name_, groesse) \nVALUES (1, 1, 80, 3, 'Ferienwohnung Berlin Mitte', 70);
ab5b6fc9-b47c-4517-9891-b511f943395c:1747758844958:17:S:INSERT INTO Ferienwohnung (feWoNr, adressNr, preisPT, anzahlZimmer, name_, groesse) \nVALUES (2, 2, 120, 4, 'Ferienwohnung Wien Zentrum', 85);
bc797d50-fa2e-413f-af1d-7e7b964c4671:1747758845132:16:S:INSERT INTO Ferienwohnung (feWoNr, adressNr, preisPT, anzahlZimmer, name_, groesse) \nVALUES (3, 3, 150, 5, 'Ferienwohnung Zürich Altstadt', 100);
342d0ec1-cb57-4360-8f6a-d32604586e8c:1747758845323:21:S:INSERT INTO Bild (url, feWoNr) \nVALUES ('http://example.com/images/berlin_mitte.jpg', 1);
a984358f-875a-4994-b208-5d61dcbdf01b:1747758845519:16:S:INSERT INTO Bild (url, feWoNr) \nVALUES ('http://example.com/images/wien_zentrum.jpg', 2);
436859fa-b389-49ab-a02b-ebb5b540a12a:1747758845661:16:S:INSERT INTO Bild (url, feWoNr) \nVALUES ('http://example.com/images/zurich_altstadt.jpg', 3);
6595dcc7-4997-4a17-ad1f-97c52dde6b1f:1747758845860:16:S:INSERT INTO Ausstattung (name_) \nVALUES ('WLAN');
9ee06c32-9268-4cf4-9abd-6897ff650199:1747758846015:16:S:INSERT INTO Ausstattung (name_) \nVALUES ('Klimaanlage');
4e3a2721-d904-46ee-9778-89f1a69d62e9:1747758846158:18:S:INSERT INTO Ausstattung (name_) \nVALUES ('Fahrradverleih');
6a5d07bb-5748-4737-8f10-88533bec8f97:1747758846397:19:S:INSERT INTO WohnungsAusstattung (feWoNr, ausstName) \nVALUES (1, 'WLAN');
dca138c9-0098-4872-8c90-9ea8ea246377:1747758846550:21:S:INSERT INTO WohnungsAusstattung (feWoNr, ausstName) \nVALUES (1, 'Klimaanlage');
6f30a034-0b99-4665-9ac8-b68474a5eca1:1747758846745:18:S:INSERT INTO WohnungsAusstattung (feWoNr, ausstName) \nVALUES (2, 'WLAN');
c6106166-341e-4e15-99ba-9da275d9048d:1747758846892:13:S:INSERT INTO WohnungsAusstattung (feWoNr, ausstName) \nVALUES (3, 'Fahrradverleih');
13950f24-7692-48a7-b67b-3c4fe9b28f9d:1747758847152:17:S:INSERT INTO Attraktion (name_, adressNr, beschreibung) \nVALUES ('Brandenburger Tor', 1, 'Das Brandenburger Tor ist eines der bekanntesten Wahrzeichen Berlins.');
956965b7-bee0-420a-937f-eb854b6a4b04:1747758847339:15:S:INSERT INTO Attraktion (name_, adressNr, beschreibung) \nVALUES ('Stephansdom', 2, 'Der Stephansdom ist eine der bekanntesten Sehenswürdigkeiten Wiens.');
c0fd08bf-91e1-4c83-b2d2-3595c37cad2b:1747758847548:26:S:INSERT INTO Attraktion (name_, adressNr, beschreibung) \nVALUES ('Zürcher Zoo', 3, 'Der Zürcher Zoo ist einer der ältesten und bekanntesten Zoos der Schweiz.');
f3d91279-57a8-4cb9-be70-5cf0e6c7382b:1747758847880:15:S:INSERT INTO Adresse (adressNr, landName, ort, plz, strasse, hausNr)\nVALUES (4, 'Deutschland', 'Freiburg', 79098, 'Schwarzwaldstraße', 88);
e4c29692-2d8d-49fd-8549-6654110b11d3:1747758848121:17:S:INSERT INTO Ferienwohnung (feWoNr, adressNr, preisPT, anzahlZimmer, name_, groesse)\nVALUES (4, 4, 110, 3, 'Ferienwohnung Schwarzwaldblick', 75);
72e6d58c-29d6-4741-b676-801824e6c553:1747758848319:21:S:INSERT INTO Bild (url, feWoNr)\nVALUES ('http://example.com/images/schwarzwaldblick.jpg', 4);
cd45e62a-6f9c-4387-81e8-dc2b69c8772b:1747758848527:19:S:INSERT INTO Ausstattung (name_) VALUES ('Pool') ;
0c3f0ae7-76a5-4e45-9fb8-5c1da4a47a96:1747758848707:17:S:INSERT INTO WohnungsAusstattung (feWoNr, ausstName)\nVALUES (4, 'WLAN');
1a56872f-17f2-423c-9062-337a6503fdd6:1747758848847:29:S:INSERT INTO WohnungsAusstattung (feWoNr, ausstName)\nVALUES (4, 'Pool');
cb98734d-d12a-431f-97af-4151d25442db:1747758849077:23:S:INSERT INTO AttraktionsAusstattung (attraktionsName, ausstattungsName, entfernung) \nVALUES ('Brandenburger Tor', 'WLAN', 100);
71db83a4-49ae-4ff3-90bb-0a2b2e86b4f0:1747758849348:17:S:INSERT INTO AttraktionsAusstattung (attraktionsName, ausstattungsName, entfernung) \nVALUES ('Stephansdom', 'Klimaanlage', 50);
38751728-eb45-4ea5-a0b2-5a49ee8f6aa8:1747758849512:14:S:INSERT INTO AttraktionsAusstattung (attraktionsName, ausstattungsName, entfernung) \nVALUES ('Zürcher Zoo', 'Fahrradverleih', 200);
fed50900-6182-45fa-98cf-e1ca7b0631f0:1747758849729:24:S:INSERT INTO Kunde (email, adressNr, name_, vorname, istNewsletter, passwort, iban) \nVALUES ('max.mustermann@example.com', 1, 'Mustermann', 'Max', 't', 'geheim123', 'DE89370400440532013000');
01c045a4-fae3-4f47-bbf3-7e8017591847:1747758849929:18:S:INSERT INTO Kunde (email, adressNr, name_, vorname, istNewsletter, passwort, iban) \nVALUES ('anna.schmidt@example.com', 2, 'Schmidt', 'Anna', 'f', 'sicher456', 'AT611904300234573201');
413dd4eb-1ee1-4831-a7af-c9c37fa07551:1747758850137:18:S:INSERT INTO Kunde (email, adressNr, name_, vorname, istNewsletter, passwort, iban) \nVALUES ('peter.meyer@example.com', 3, 'Meyer', 'Peter', 't', 'meinpasswort789', 'CH9300762011623852955');
4714fa98-fcaa-4543-a098-09996ca63e34:1747758850673:21:S:INSERT INTO Buchung (buchungsNr, feWoNr, kundenEmail, buchungsZeit, startTag, endTag, stornoZeit, rechnungsNr, rechnungsDatum, betrag, bewertText, bewertDatum, bewertSterne) \nVALUES (1, 1, 'max.mustermann@example.com', TO_DATE('2025-05-01', 'YYYY-MM-DD'), TO_DATE('2025-06-01', 'YYYY-MM-DD'), TO_DATE('2025-06-07', 'YYYY-MM-DD'), NULL, 12345, TO_DATE('2025-06-08', 'YYYY-MM-DD'), 560, 'Sehr schöne Wohnung, top Lage!', TO_DATE('2025-06-10', 'YYYY-MM-DD'), 5);
988d5187-0b2c-4033-9288-9a9959f57041:1747758851109:29:S:INSERT INTO Buchung (buchungsNr, feWoNr, kundenEmail, buchungsZeit, startTag, endTag, stornoZeit, rechnungsNr, rechnungsDatum, betrag, bewertText, bewertDatum, bewertSterne) \nVALUES (2, 2, 'anna.schmidt@example.com', TO_DATE('2025-05-05', 'YYYY-MM-DD'), TO_DATE('2025-06-10', 'YYYY-MM-DD'), TO_DATE('2025-06-15', 'YYYY-MM-DD'), NULL, 12346, TO_DATE('2025-06-16', 'YYYY-MM-DD'), 720, 'Tolle Wohnung, gerne wieder!', TO_DATE('2025-06-20', 'YYYY-MM-DD'), 4);
b2c883ac-e56c-4655-98a9-cbd600c9784a:1747758851556:0:F:INSERT INTO Buchung (buchungsNr, feWoNr, kundenEmail, buchungsZeit, startTag, endTag, stornoZeit, rechnungsNr, rechnungsDatum, betrag, bewertText, bewertDatum, bewertSterne) \nVALUES (3, 2, 'anna.schmidt@example.com', TO_DATE('2026-05-05', 'YYYY-MM-DD'), TO_DATE('2026-06-10', 'YYYY-MM-DD'), TO_DATE('2025-06-15', 'YYYY-MM-DD'), NULL, NULL, NULL, 720, NULL, TO_DATE('2025-06-20', 'YYYY-MM-DD'), 4);
dfd0e6d2-d122-4952-b3f3-85008b1d1a87:1747758852216:20:S:INSERT INTO Buchung (buchungsNr, feWoNr, kundenEmail, buchungsZeit, startTag, endTag, stornoZeit, rechnungsNr, rechnungsDatum, betrag, bewertText, bewertDatum, bewertSterne) \nVALUES (4, 3, 'peter.meyer@example.com', TO_DATE('2025-04-10', 'YYYY-MM-DD'), TO_DATE('2025-07-01', 'YYYY-MM-DD'), TO_DATE('2025-07-10', 'YYYY-MM-DD'), NULL, 12347, TO_DATE('2025-07-11', 'YYYY-MM-DD'), 1350, 'Perfekte Unterkunft für unseren Sommerurlaub!', TO_DATE('2025-07-15', 'YYYY-MM-DD'), 5);
b43d5fa2-9662-4540-b421-2c9b2cca7177:1747758852625:16:S:INSERT INTO Buchung (buchungsNr, feWoNr, kundenEmail, buchungsZeit, startTag, endTag, stornoZeit, rechnungsNr, rechnungsDatum, betrag, bewertText, bewertDatum, bewertSterne) \nVALUES (5, 1, 'anna.schmidt@example.com', TO_DATE('2025-03-15', 'YYYY-MM-DD'), TO_DATE('2025-04-01', 'YYYY-MM-DD'), TO_DATE('2025-04-06', 'YYYY-MM-DD'), NULL, 12348, TO_DATE('2025-04-07', 'YYYY-MM-DD'), 400, 'Etwas laut, aber gute Ausstattung.', TO_DATE('2025-04-10', 'YYYY-MM-DD'), 3);
1d4814b4-4321-458a-aee4-f615fa2635c7:1747758852987:18:S:INSERT INTO Buchung (buchungsNr, feWoNr, kundenEmail, buchungsZeit, startTag, endTag, stornoZeit, rechnungsNr, rechnungsDatum, betrag, bewertText, bewertDatum, bewertSterne) \nVALUES (6, 2, 'max.mustermann@example.com', TO_DATE('2025-02-20', 'YYYY-MM-DD'), TO_DATE('2025-03-10', 'YYYY-MM-DD'), TO_DATE('2025-03-17', 'YYYY-MM-DD'), TO_DATE('2025-03-01', 'YYYY-MM-DD'), 12349, TO_DATE('2025-03-18', 'YYYY-MM-DD'), 840, NULL, NULL, NULL);
db756ead-0065-4c02-95ed-f79ba6937127:1747758853396:18:S:INSERT INTO Buchung (buchungsNr, feWoNr, kundenEmail, buchungsZeit, startTag, endTag, stornoZeit, rechnungsNr, rechnungsDatum, betrag, bewertText, bewertDatum, bewertSterne) \nVALUES (7, 3, 'anna.schmidt@example.com', TO_DATE('2025-06-01', 'YYYY-MM-DD'), TO_DATE('2025-07-20', 'YYYY-MM-DD'), TO_DATE('2025-07-25', 'YYYY-MM-DD'), NULL, 12350, TO_DATE('2025-07-26', 'YYYY-MM-DD'), 750, 'Sehr sauber und gute Lage!', TO_DATE('2025-07-28', 'YYYY-MM-DD'), 5);
14a8a896-0827-4970-9606-dc45eedca496:1747758853781:26:S:INSERT INTO Buchung (buchungsNr, feWoNr, kundenEmail, buchungsZeit, startTag, endTag, stornoZeit, rechnungsNr, rechnungsDatum, betrag, bewertText, bewertDatum, bewertSterne) \nVALUES (8, 1, 'peter.meyer@example.com', TO_DATE('2025-01-10', 'YYYY-MM-DD'), TO_DATE('2025-02-01', 'YYYY-MM-DD'), TO_DATE('2025-02-10', 'YYYY-MM-DD'), NULL, 12351, TO_DATE('2025-02-11', 'YYYY-MM-DD'), 720, 'Gemütlich und günstig!', TO_DATE('2025-02-13', 'YYYY-MM-DD'), 4);
e91c3d85-56ee-40ec-9c89-043a51e6cd9e:1747758854139:15:S:INSERT INTO Buchung (buchungsNr, feWoNr, kundenEmail, buchungsZeit, startTag, endTag, stornoZeit, rechnungsNr, rechnungsDatum, betrag, bewertText, bewertDatum, bewertSterne)\nVALUES (9, 3, 'max.mustermann@example.com', TO_DATE('2025-09-01', 'YYYY-MM-DD'), TO_DATE('2025-10-01', 'YYYY-MM-DD'), TO_DATE('2025-10-07', 'YYYY-MM-DD'), NULL, 12352, TO_DATE('2025-10-08', 'YYYY-MM-DD'), 900, 'Ruhige Lage, ideal zum Entspannen.', TO_DATE('2025-10-10', 'YYYY-MM-DD'), 5);
49effb40-7d3a-44dc-85c9-f0866df99e40:1747758854511:19:S:INSERT INTO Buchung (buchungsNr, feWoNr, kundenEmail, buchungsZeit, startTag, endTag, stornoZeit, rechnungsNr, rechnungsDatum, betrag, bewertText, bewertDatum, bewertSterne)\nVALUES (10, 2, 'peter.meyer@example.com', TO_DATE('2025-11-10', 'YYYY-MM-DD'), TO_DATE('2025-12-01', 'YYYY-MM-DD'), TO_DATE('2025-12-08', 'YYYY-MM-DD'), NULL, 12353, TO_DATE('2025-12-09', 'YYYY-MM-DD'), 840, 'Etwas veraltet, aber sauber.', TO_DATE('2025-12-12', 'YYYY-MM-DD'), 3);
e57202e0-0267-4a1e-a89c-1493dcbdbbae:1747758854728:18:S:INSERT INTO Anzahlung (anzahlungsNr, buchungsNr, zahlungsDatum, betrag) \nVALUES (1, 1, TO_DATE('2025-05-01', 'YYYY-MM-DD'), 200);
75847941-cec5-42a2-ab01-aeb2983ce5b2:1747758854894:12:S:INSERT INTO Anzahlung (anzahlungsNr, buchungsNr, zahlungsDatum, betrag) \nVALUES (2, 2, TO_DATE('2025-05-10', 'YYYY-MM-DD'), 300);
5787d412-42e9-45c1-8c1f-2fe2b48580f1:1747758855098:15:S:COMMIT;
cf00f836-9e33-4ca7-8a72-c61cbbc8c21a:1747759370527:0:F:BEGIN\n   FOR c IN (SELECT table_name FROM user_tables) LOOP\n      EXECUTE IMMEDIATE 'DROP TABLE ' || c.table_name || ' CASCADE CONSTRAINTS';\n   END LOOP;\nEND;\n/
da00dce9-0951-441d-b77f-adbcab328735:1747759370809:0:F:CREATE TABLE Land (\n    name_ VARCHAR2(100) PRIMARY KEY\n);
37e901c2-8fa4-4570-b73b-d56bc6e411e0:1747759371463:0:F:CREATE TABLE Adresse (\n    adressNr INTEGER PRIMARY KEY,\n    landName VARCHAR2(100) NOT NULL,\n    ort VARCHAR2(100) NOT NULL,\n    plz INTEGER NOT NULL,\n        CHECK (plz >= 0),\n    strasse VARCHAR2(100) NOT NULL,\n    hausNr INTEGER NOT NULL,\n        CHECK (hausNr > 0)\n);
5938094b-2d26-4ca5-85f4-2f50315d4660:1747759372015:0:F:CREATE TABLE Ferienwohnung (\n    feWoNr INTEGER PRIMARY KEY,\n    adressNr INTEGER NOT NULL,\n    preisPT INTEGER NOT NULL,\n        CHECK (preisPT > 0),\n    anzahlZimmer INTEGER NOT NULL,\n        CHECK (anzahlZimmer > 0),\n    name_ VARCHAR2(100) NOT NULL,\n    groesse INTEGER NOT NULL,\n        CHECK (groesse > 0)\n);
68515a91-1931-4650-968f-d20963390bf8:1747759372260:0:F:CREATE TABLE Bild (\n    url VARCHAR2(255) PRIMARY KEY,\n    feWoNr INTEGER NOT NULL\n);
fc2a2479-fb91-4752-ac6a-8c0b3667498e:1747759372488:0:F:CREATE TABLE Ausstattung (\n    name_ VARCHAR2(100) PRIMARY KEY\n);
31858304-d32f-49a2-b34d-223719a01632:1747759372783:0:F:CREATE TABLE WohnungsAusstattung (\n    feWoNr INTEGER NOT NULL, \n    ausstName VARCHAR2(100) NOT NULL,\n    PRIMARY KEY (feWoNr, ausstName)\n);
aa5fbca1-d886-4dd3-adfa-ac7d2e14a668:1747759373075:0:F:CREATE TABLE Attraktion (\n    name_ VARCHAR2(100) PRIMARY KEY,\n    adressNr INTEGER NOT NULL,\n    beschreibung VARCHAR2(2000)\n);
7ba149be-57a3-4a1e-ba14-24ef3e1590c4:1747759373477:0:F:CREATE TABLE AttraktionsAusstattung (\n    attraktionsName VARCHAR2(100) NOT NULL,\n    ausstattungsName VARCHAR2(100) NOT NULL,\n    entfernung INTEGER NOT NULL,\n        CHECK (entfernung > 0),\n    PRIMARY KEY (attraktionsName, ausstattungsName)\n);
edec33ca-f93d-49c1-a6c4-cd41813bad90:1747759374178:0:F:CREATE TABLE Kunde (\n    email VARCHAR2(100) PRIMARY KEY,\n    adressNr INTEGER NOT NULL,\n    name_ VARCHAR2(100) NOT NULL,\n    vorname VARCHAR2(100) NOT NULL,\n    istNewsletter CHAR(1) NOT NULL,\n        CHECK (istNewsletter = 't' OR istNewsletter = 'f'),\n    passwort VARCHAR2(100) NOT NULL,\n        CHECK (LENGTH(passwort) >= 5),\n    iban VARCHAR2(34)\n);
3f986efa-b4c0-4e48-a129-d8df102d889c:1747759375485:0:F:CREATE TABLE Buchung (\n    buchungsNr INTEGER PRIMARY KEY,\n    feWoNr INTEGER NOT NULL,\n    kundenEmail VARCHAR2(100) NOT NULL,\n    buchungsZeit DATE NOT NULL,\n    startTag DATE NOT NULL,\n        CHECK (startTag > buchungsZeit),\n    endTag DATE NOT NULL,\n        CHECK (endTag > startTag + 2),\n    stornoZeit DATE,\n        CHECK (stornoZeit > buchungsZeit),\n    rechnungsNr INTEGER UNIQUE,\n    rechnungsDatum DATE,\n        CHECK (rechnungsDatum > buchungsZeit),\n    betrag INTEGER NOT NULL,\n        CHECK (betrag > 0),\n    bewertText VARCHAR2(2000),\n    bewertDatum DATE,\n        CHECK (bewertDatum > endTag),\n    bewertSterne INTEGER,\n        CHECK (bewertSterne > 0 AND bewertSterne <= 5)\n);
6b3b5d5f-d92b-4371-8773-e560eec28ec0:1747759375924:0:F:CREATE TABLE Anzahlung (\n    anzahlungsNr INTEGER PRIMARY KEY,\n    buchungsNr INTEGER NOT NULL,\n    zahlungsDatum DATE NOT NULL,\n    betrag INTEGER NOT NULL,\n        CHECK (betrag > 0)\n);
8a0f0e67-b78c-4481-9a28-1bdcde1427a3:1747759376254:0:F:ALTER TABLE Adresse\nADD CONSTRAINT fk_adresse_land FOREIGN KEY (landName) REFERENCES Land(name_);
23f6b401-8db5-43a5-86d4-945cf7816230:1747759376487:0:F:ALTER TABLE Ferienwohnung\nADD CONSTRAINT fk_fewo_adresse FOREIGN KEY (adressNr) REFERENCES Adresse(adressNr);
65ff9e85-222f-426d-8f74-471525510a64:1747759376771:0:F:ALTER TABLE Bild\nADD CONSTRAINT fk_bild_fewo FOREIGN KEY (feWoNr) REFERENCES Ferienwohnung(feWoNr) ON DELETE CASCADE;
89989795-8e19-47fa-a080-bb60fa54c058:1747759376965:0:F:ALTER TABLE WohnungsAusstattung\nADD CONSTRAINT fk_wa_fewo FOREIGN KEY (feWoNr) REFERENCES Ferienwohnung(feWoNr) ON DELETE CASCADE;
98e0099a-f3a3-47a4-9572-34efb21b6895:1747759377243:0:F:ALTER TABLE WohnungsAusstattung\nADD CONSTRAINT fk_wa_ausst FOREIGN KEY (ausstName) REFERENCES Ausstattung(name_) ON DELETE CASCADE;
b359cfe7-5b0b-40c9-b6f0-bd2bc0dd4174:1747759377466:0:F:ALTER TABLE Attraktion\nADD CONSTRAINT fk_attr_adresse FOREIGN KEY (adressNr) REFERENCES Adresse(adressNr);
2f9790e2-41d3-485b-bb2b-db9ce9f60db3:1747759377761:0:F:ALTER TABLE AttraktionsAusstattung\n    ADD CONSTRAINT fk_aa_attr FOREIGN KEY (attraktionsName) REFERENCES Attraktion(name_) ON DELETE CASCADE;
c650b97d-b523-4a6d-92c3-a0466ba830bd:1747759377984:0:F:ALTER TABLE AttraktionsAusstattung\n    ADD CONSTRAINT fk_aa_ausst FOREIGN KEY (ausstattungsName) REFERENCES Ausstattung(name_) ON DELETE CASCADE;
6e916ef7-0f50-4bfa-8038-9062f2490903:1747759378337:0:F:ALTER TABLE Kunde\n    ADD CONSTRAINT fk_kunde_adresse FOREIGN KEY (adressNr) REFERENCES Adresse(adressNr);
3eda05c8-ffca-413f-94d8-598a5fff6696:1747759378566:0:F:ALTER TABLE Buchung\n    ADD CONSTRAINT fk_buchung_fewo FOREIGN KEY (feWoNr) REFERENCES Ferienwohnung(feWoNr);
96409bb4-f471-4975-bdd3-6ccfc61635b6:1747759378748:0:F:ALTER TABLE Buchung\n    ADD CONSTRAINT fk_buchung_kunde FOREIGN KEY (kundenEmail) REFERENCES Kunde(email);
c0d1889f-e9dc-44c4-82d2-9c050edd5962:1747759378948:0:F:ALTER TABLE Anzahlung\n    ADD CONSTRAINT fk_anz_buchung FOREIGN KEY (buchungsNr) REFERENCES Buchung(buchungsNr);
2fe88813-fee0-4e15-aeba-6bba2d07d820:1747759379243:18:S:GRANT INSERT, DELETE, SELECT, UPDATE ON Ausstattung TO dbsys08;
a47a0b67-e7db-4303-8808-f733dc7943a6:1747759379343:21:S:GRANT ALL ON Kunde TO dbsys70;
da5a63c0-cac1-4e2e-896a-1738caa240c5:1747759379500:21:S:GRANT SELECT, UPDATE, DELETE ON Kunde to dbsys08;
598e2415-ba94-4d1c-8039-7f03d43366db:1747759379755:19:S:GRANT INSERT, SELECT, UPDATE ON Buchung to dbsys70;
8ce99752-92f2-4b3b-9aa9-d9948f9f1d71:1747759379909:23:S:GRANT INSERT, SELECT, UPDATE ON Buchung TO dbsys08;
13f70378-8bbb-4baf-9118-b8f235aafd3d:1747759380074:15:S:GRANT SELECT ON Anzahlung TO dbsys70;
10911f65-1537-4bb7-a966-2234e12f3ea6:1747759380150:22:S:GRANT SELECT, INSERT, UPDATE ON Anzahlung TO dbsys08;
1fa1e48c-6261-40f5-a657-3a0163ca7b06:1747759380301:17:S:GRANT SELECT ON Attraktion TO dbsys70;
da911475-6f93-45bb-8cee-0d0a9f8634e0:1747759380374:15:S:GRANT SELECT, INSERT, UPDATE, DELETE ON Attraktion TO dbsys08;
edf680d7-46bb-486b-88c7-493caffc7a88:1747759380536:25:S:GRANT SELECT ON Wohnungsausstattung TO dbsys70;
daa3e5a8-7b54-4786-8896-52a79e475825:1747759380684:18:S:GRANT ALL ON Wohnungsausstattung TO dbsys08;
a7050601-197c-4fd1-ac04-8d059f731327:1747759380869:30:S:GRANT SELECT ON Attraktionsausstattung TO dbsys70;
08d1aada-fddd-4326-9e38-c8392be16fd1:1747759381008:17:S:GRANT ALL ON Attraktionsausstattung TO dbsys08;
ea49a9f6-ac83-4c06-8702-789bd66f7d55:1747759381182:17:S:GRANT SELECT ON Ausstattung TO dbsys70;
9ccef435-928b-404d-9b8c-ec4b0bec0924:1747759381307:21:S:GRANT ALL ON Ausstattung TO dbsys08;
40929cae-9da8-4ad7-b6e3-60dbbbcbc530:1747759381526:19:S:GRANT SELECT ON Land TO dbsys70;
341b4e4d-dca8-44f0-924c-f7038f89f3f5:1747759381703:20:S:GRANT SELECT, INSERT, UPDATE ON Land TO dbsys08;
e14a2617-b28b-46b4-927e-47b41ad2a335:1747759381887:25:S:GRANT SELECT, INSERT, UPDATE ON Adresse TO dbsys70;
0d61ecd5-6ddb-4fc7-ad93-be25629b5f7e:1747759382052:16:S:GRANT SELECT, INSERT, UPDATE ON Adresse TO dbsys08;
56c57dc4-0ef5-44d2-b650-82076afc425b:1747759382231:21:S:GRANT SELECT ON Ferienwohnung TO dbsys70;
d74dd709-7595-4279-94e8-01861d1c2051:1747759382352:15:S:GRANT ALL ON Ferienwohnung TO dbsys08;
e33cfc24-1cf0-46ec-ab90-74ff2ca2f1c7:1747759382523:23:S:GRANT SELECT ON Bild TO dbsys70;
65d57262-629c-45fe-8127-97f8c791423a:1747759382654:15:S:GRANT ALL ON Bild TO dbsys08;
cfbbea13-15bf-43ed-876b-c62c487659c3:1747759382936:0:F:INSERT INTO Land (name_) VALUES ('Deutschland');
c6d4abaf-33a5-4872-890d-4e2cafe5ff3e:1747759383056:0:F:INSERT INTO Land (name_) VALUES ('Österreich');
7f5e9088-4b2d-43d1-bd93-757fc8df30a5:1747759383171:0:F:INSERT INTO Land (name_) VALUES ('Schweiz');
803b5740-17e6-4017-a462-093baa8e8f7a:1747759383416:0:F:INSERT INTO Adresse (adressNr, landName, ort, plz, strasse, hausNr) \nVALUES (1, 'Deutschland', 'Berlin', 10115, 'Musterstraße', 5);
508104ec-1c5a-4e85-8b52-4c91f9e01025:1747759383875:0:F:INSERT INTO Adresse (adressNr, landName, ort, plz, strasse, hausNr) \nVALUES (2, 'Österreich', 'Wien', 1010, 'Ringstraße', 10);
0a3e18c2-5323-424b-abf0-07fb898d0514:1747759384094:0:F:INSERT INTO Adresse (adressNr, landName, ort, plz, strasse, hausNr) \nVALUES (3, 'Schweiz', 'Zürich', 8001, 'Bahnhofstrasse', 20);
16c574f0-7439-4fc3-8714-965f537cb8fe:1747759384408:0:F:INSERT INTO Ferienwohnung (feWoNr, adressNr, preisPT, anzahlZimmer, name_, groesse) \nVALUES (1, 1, 80, 3, 'Ferienwohnung Berlin Mitte', 70);
1a147814-a1b2-4611-a267-827a177e14a3:1747759384602:0:F:INSERT INTO Ferienwohnung (feWoNr, adressNr, preisPT, anzahlZimmer, name_, groesse) \nVALUES (2, 2, 120, 4, 'Ferienwohnung Wien Zentrum', 85);
6b5190cf-d0e8-42ca-aa7d-22d1658c5f44:1747759384820:0:F:INSERT INTO Ferienwohnung (feWoNr, adressNr, preisPT, anzahlZimmer, name_, groesse) \nVALUES (3, 3, 150, 5, 'Ferienwohnung Zürich Altstadt', 100);
8b7655d2-ac42-423b-9cdd-96a98e9d73e0:1747759385311:0:F:INSERT INTO Bild (url, feWoNr) \nVALUES ('http://example.com/images/berlin_mitte.jpg', 1);
e1bfde01-cfd9-463b-b340-7cc0f385120b:1747759385483:0:F:INSERT INTO Bild (url, feWoNr) \nVALUES ('http://example.com/images/wien_zentrum.jpg', 2);
25f71aa0-36ec-4d94-8f93-3484b094cbd4:1747759385714:0:F:INSERT INTO Bild (url, feWoNr) \nVALUES ('http://example.com/images/zurich_altstadt.jpg', 3);
0b9ca331-9745-4d6b-b9a0-d3009a661feb:1747759385903:0:F:INSERT INTO Ausstattung (name_) \nVALUES ('WLAN');
973246b3-77ba-4283-bfb3-4604df8faa8d:1747759386176:0:F:INSERT INTO Ausstattung (name_) \nVALUES ('Klimaanlage');
04b8f814-d4a7-4c8b-a4fd-54af6de80e1c:1747759386400:0:F:INSERT INTO Ausstattung (name_) \nVALUES ('Fahrradverleih');
4d4af4f9-960d-489d-b5dd-f42ba8a6c961:1747759386652:0:F:INSERT INTO WohnungsAusstattung (feWoNr, ausstName) \nVALUES (1, 'WLAN');
fea6fa3d-e372-4241-b6b2-3199b9edfbb9:1747759386856:0:F:INSERT INTO WohnungsAusstattung (feWoNr, ausstName) \nVALUES (1, 'Klimaanlage');
56e1c186-eed2-4be2-ad9d-2e469020442c:1747759387026:0:F:INSERT INTO WohnungsAusstattung (feWoNr, ausstName) \nVALUES (2, 'WLAN');
87976e81-38e7-48a9-b012-84a32dcd4e47:1747759387261:0:F:INSERT INTO WohnungsAusstattung (feWoNr, ausstName) \nVALUES (3, 'Fahrradverleih');
9ddf62bb-bbac-4456-8524-6f8c264caabe:1747759387504:0:F:INSERT INTO Attraktion (name_, adressNr, beschreibung) \nVALUES ('Brandenburger Tor', 1, 'Das Brandenburger Tor ist eines der bekanntesten Wahrzeichen Berlins.');
cd7ec749-b025-4d07-a63b-59caf020fae0:1747759387747:0:F:INSERT INTO Attraktion (name_, adressNr, beschreibung) \nVALUES ('Stephansdom', 2, 'Der Stephansdom ist eine der bekanntesten Sehenswürdigkeiten Wiens.');
a0620c2c-7b7a-4530-ac7b-6e7ab506a197:1747759387951:0:F:INSERT INTO Attraktion (name_, adressNr, beschreibung) \nVALUES ('Zürcher Zoo', 3, 'Der Zürcher Zoo ist einer der ältesten und bekanntesten Zoos der Schweiz.');
a64a3063-2880-4091-8de0-e221d712b752:1747759388214:0:F:INSERT INTO Adresse (adressNr, landName, ort, plz, strasse, hausNr)\nVALUES (4, 'Deutschland', 'Freiburg', 79098, 'Schwarzwaldstraße', 88);
a313ea29-1b44-40ee-acd7-ad22b87adf1d:1747759388464:0:F:INSERT INTO Ferienwohnung (feWoNr, adressNr, preisPT, anzahlZimmer, name_, groesse)\nVALUES (4, 4, 110, 3, 'Ferienwohnung Schwarzwaldblick', 75);
aace8a82-3694-477b-8ecf-b5024dd93e1f:1747759388721:0:F:INSERT INTO Bild (url, feWoNr)\nVALUES ('http://example.com/images/schwarzwaldblick.jpg', 4);
774b5521-7950-4b5d-9716-cc66f806ff45:1747759388961:0:F:INSERT INTO Ausstattung (name_) VALUES ('Pool') ;
28288522-0604-468c-aea5-8e47e04653dc:1747759389190:0:F:INSERT INTO WohnungsAusstattung (feWoNr, ausstName)\nVALUES (4, 'WLAN');
43345561-5aca-4f9c-a5b1-6f023ad6ce6b:1747759389445:0:F:INSERT INTO WohnungsAusstattung (feWoNr, ausstName)\nVALUES (4, 'Pool');
8310495f-7747-494b-8d51-a2efd5d6a502:1747759389716:0:F:INSERT INTO AttraktionsAusstattung (attraktionsName, ausstattungsName, entfernung) \nVALUES ('Brandenburger Tor', 'WLAN', 100);
2ecf061a-1dea-4eb0-8e2f-01c389123a1f:1747759389883:0:F:INSERT INTO AttraktionsAusstattung (attraktionsName, ausstattungsName, entfernung) \nVALUES ('Stephansdom', 'Klimaanlage', 50);
dd40336f-6c4a-4f32-9ef1-2b66dea87874:1747759390082:0:F:INSERT INTO AttraktionsAusstattung (attraktionsName, ausstattungsName, entfernung) \nVALUES ('Zürcher Zoo', 'Fahrradverleih', 200);
410aa627-6fa5-4a5f-b671-ed7cd142e71e:1747759390432:0:F:INSERT INTO Kunde (email, adressNr, name_, vorname, istNewsletter, passwort, iban) \nVALUES ('max.mustermann@example.com', 1, 'Mustermann', 'Max', 't', 'geheim123', 'DE89370400440532013000');
e6a024b8-6979-4118-aadc-0e554ce05311:1747759390678:0:F:INSERT INTO Kunde (email, adressNr, name_, vorname, istNewsletter, passwort, iban) \nVALUES ('anna.schmidt@example.com', 2, 'Schmidt', 'Anna', 'f', 'sicher456', 'AT611904300234573201');
d55f21c6-f831-4e23-adf8-eddf1d9faaf2:1747759390883:0:F:INSERT INTO Kunde (email, adressNr, name_, vorname, istNewsletter, passwort, iban) \nVALUES ('peter.meyer@example.com', 3, 'Meyer', 'Peter', 't', 'meinpasswort789', 'CH9300762011623852955');
929bd8e4-c491-4a4d-a1d2-0517bff82579:1747759391340:0:F:INSERT INTO Buchung (buchungsNr, feWoNr, kundenEmail, buchungsZeit, startTag, endTag, stornoZeit, rechnungsNr, rechnungsDatum, betrag, bewertText, bewertDatum, bewertSterne) \nVALUES (1, 1, 'max.mustermann@example.com', TO_DATE('2025-05-01', 'YYYY-MM-DD'), TO_DATE('2025-06-01', 'YYYY-MM-DD'), TO_DATE('2025-06-07', 'YYYY-MM-DD'), NULL, 12345, TO_DATE('2025-06-08', 'YYYY-MM-DD'), 560, 'Sehr schöne Wohnung, top Lage!', TO_DATE('2025-06-10', 'YYYY-MM-DD'), 5);
10428f15-75ff-4480-826e-8f87b751a775:1747759391748:0:F:INSERT INTO Buchung (buchungsNr, feWoNr, kundenEmail, buchungsZeit, startTag, endTag, stornoZeit, rechnungsNr, rechnungsDatum, betrag, bewertText, bewertDatum, bewertSterne) \nVALUES (2, 2, 'anna.schmidt@example.com', TO_DATE('2025-05-05', 'YYYY-MM-DD'), TO_DATE('2025-06-10', 'YYYY-MM-DD'), TO_DATE('2025-06-15', 'YYYY-MM-DD'), NULL, 12346, TO_DATE('2025-06-16', 'YYYY-MM-DD'), 720, 'Tolle Wohnung, gerne wieder!', TO_DATE('2025-06-20', 'YYYY-MM-DD'), 4);
de4d0018-e5b2-4dbd-8c57-bad04d861292:1747759392470:0:F:INSERT INTO Buchung (buchungsNr, feWoNr, kundenEmail, buchungsZeit, startTag, endTag, stornoZeit, rechnungsNr, rechnungsDatum, betrag, bewertText, bewertDatum, bewertSterne) \nVALUES (3, 2, 'anna.schmidt@example.com', TO_DATE('2026-05-05', 'YYYY-MM-DD'), TO_DATE('2026-06-10', 'YYYY-MM-DD'), TO_DATE('2026-06-15', 'YYYY-MM-DD'), NULL, NULL, NULL, 720, NULL, TO_DATE('2026-06-20', 'YYYY-MM-DD'), 4);
37ba7981-ff12-4019-a43b-75cf5fef409b:1747759454041:0:F:INSERT INTO Buchung (buchungsNr, feWoNr, kundenEmail, buchungsZeit, startTag, endTag, stornoZeit, rechnungsNr, rechnungsDatum, betrag, bewertText, bewertDatum, bewertSterne) \nVALUES (4, 3, 'peter.meyer@example.com', TO_DATE('2025-04-10', 'YYYY-MM-DD'), TO_DATE('2025-07-01', 'YYYY-MM-DD'), TO_DATE('2025-07-10', 'YYYY-MM-DD'), NULL, 12347, TO_DATE('2025-07-11', 'YYYY-MM-DD'), 1350, 'Perfekte Unterkunft für unseren Sommerurlaub!', TO_DATE('2025-07-15', 'YYYY-MM-DD'), 5);
79675be5-1f96-44ee-bc22-3698023b15ed:1747759454488:0:F:INSERT INTO Buchung (buchungsNr, feWoNr, kundenEmail, buchungsZeit, startTag, endTag, stornoZeit, rechnungsNr, rechnungsDatum, betrag, bewertText, bewertDatum, bewertSterne) \nVALUES (5, 1, 'anna.schmidt@example.com', TO_DATE('2025-03-15', 'YYYY-MM-DD'), TO_DATE('2025-04-01', 'YYYY-MM-DD'), TO_DATE('2025-04-06', 'YYYY-MM-DD'), NULL, 12348, TO_DATE('2025-04-07', 'YYYY-MM-DD'), 400, 'Etwas laut, aber gute Ausstattung.', TO_DATE('2025-04-10', 'YYYY-MM-DD'), 3);
c5382800-b45b-48ea-9b2e-7ab84e51a2e8:1747759454898:0:F:INSERT INTO Buchung (buchungsNr, feWoNr, kundenEmail, buchungsZeit, startTag, endTag, stornoZeit, rechnungsNr, rechnungsDatum, betrag, bewertText, bewertDatum, bewertSterne) \nVALUES (6, 2, 'max.mustermann@example.com', TO_DATE('2025-02-20', 'YYYY-MM-DD'), TO_DATE('2025-03-10', 'YYYY-MM-DD'), TO_DATE('2025-03-17', 'YYYY-MM-DD'), TO_DATE('2025-03-01', 'YYYY-MM-DD'), 12349, TO_DATE('2025-03-18', 'YYYY-MM-DD'), 840, NULL, NULL, NULL);
c292b8e8-ecff-468a-9d60-e0d25e69dcaa:1747759455282:0:F:INSERT INTO Buchung (buchungsNr, feWoNr, kundenEmail, buchungsZeit, startTag, endTag, stornoZeit, rechnungsNr, rechnungsDatum, betrag, bewertText, bewertDatum, bewertSterne) \nVALUES (7, 3, 'anna.schmidt@example.com', TO_DATE('2025-06-01', 'YYYY-MM-DD'), TO_DATE('2025-07-20', 'YYYY-MM-DD'), TO_DATE('2025-07-25', 'YYYY-MM-DD'), NULL, 12350, TO_DATE('2025-07-26', 'YYYY-MM-DD'), 750, 'Sehr sauber und gute Lage!', TO_DATE('2025-07-28', 'YYYY-MM-DD'), 5);
2509c404-f68f-4dfe-897c-16df06b73001:1747759455719:0:F:INSERT INTO Buchung (buchungsNr, feWoNr, kundenEmail, buchungsZeit, startTag, endTag, stornoZeit, rechnungsNr, rechnungsDatum, betrag, bewertText, bewertDatum, bewertSterne) \nVALUES (8, 1, 'peter.meyer@example.com', TO_DATE('2025-01-10', 'YYYY-MM-DD'), TO_DATE('2025-02-01', 'YYYY-MM-DD'), TO_DATE('2025-02-10', 'YYYY-MM-DD'), NULL, 12351, TO_DATE('2025-02-11', 'YYYY-MM-DD'), 720, 'Gemütlich und günstig!', TO_DATE('2025-02-13', 'YYYY-MM-DD'), 4);
50d4647b-fb42-4d8a-84c5-2b2ae54652f5:1747759456127:0:F:INSERT INTO Buchung (buchungsNr, feWoNr, kundenEmail, buchungsZeit, startTag, endTag, stornoZeit, rechnungsNr, rechnungsDatum, betrag, bewertText, bewertDatum, bewertSterne)\nVALUES (9, 3, 'max.mustermann@example.com', TO_DATE('2025-09-01', 'YYYY-MM-DD'), TO_DATE('2025-10-01', 'YYYY-MM-DD'), TO_DATE('2025-10-07', 'YYYY-MM-DD'), NULL, 12352, TO_DATE('2025-10-08', 'YYYY-MM-DD'), 900, 'Ruhige Lage, ideal zum Entspannen.', TO_DATE('2025-10-10', 'YYYY-MM-DD'), 5);
aca725e1-f426-40ed-820e-8b29da6a725a:1747759456552:0:F:INSERT INTO Buchung (buchungsNr, feWoNr, kundenEmail, buchungsZeit, startTag, endTag, stornoZeit, rechnungsNr, rechnungsDatum, betrag, bewertText, bewertDatum, bewertSterne)\nVALUES (10, 2, 'peter.meyer@example.com', TO_DATE('2025-11-10', 'YYYY-MM-DD'), TO_DATE('2025-12-01', 'YYYY-MM-DD'), TO_DATE('2025-12-08', 'YYYY-MM-DD'), NULL, 12353, TO_DATE('2025-12-09', 'YYYY-MM-DD'), 840, 'Etwas veraltet, aber sauber.', TO_DATE('2025-12-12', 'YYYY-MM-DD'), 3);
fcb20766-e907-413d-a49e-8aa16c810a4f:1747759456780:0:F:INSERT INTO Anzahlung (anzahlungsNr, buchungsNr, zahlungsDatum, betrag) \nVALUES (1, 1, TO_DATE('2025-05-01', 'YYYY-MM-DD'), 200);
b5b883ae-4a8e-4e90-940d-e8b7ce18f719:1747759457129:0:F:INSERT INTO Anzahlung (anzahlungsNr, buchungsNr, zahlungsDatum, betrag) \nVALUES (2, 2, TO_DATE('2025-05-10', 'YYYY-MM-DD'), 300);
5ae8d8f1-0a66-4ab6-9368-10384573e98b:1747759457356:16:S:COMMIT;
